{"C:\\Users\\notde\\Desktop\\React\\02-first-steps\\src\\FirstSetpsApp.tsx": {"path":"C:\\Users\\notde\\Desktop\\React\\02-first-steps\\src\\FirstSetpsApp.tsx","statementMap":{"0":{"start":{"line":4,"column":34},"end":{"line":8,"column":null}},"1":{"start":{"line":10,"column":29},"end":{"line":21,"column":null}}},"fnMap":{"0":{"name":"(anonymous_0)","decl":{"start":{"line":10,"column":29},"end":{"line":10,"column":null}},"loc":{"start":{"line":10,"column":29},"end":{"line":21,"column":null}},"line":10}},"branchMap":{},"s":{"0":1,"1":1},"f":{"0":3},"b":{},"meta":{"lastBranch":0,"lastFunction":1,"lastStatement":2,"seen":{"s:4:34:8:Infinity":0,"s:10:29:21:Infinity":1,"f:10:29:10:Infinity":0}}}
,"C:\\Users\\notde\\Desktop\\React\\02-first-steps\\src\\MyAwesomeApp.tsx": {"path":"C:\\Users\\notde\\Desktop\\React\\02-first-steps\\src\\MyAwesomeApp.tsx","statementMap":{"0":{"start":{"line":8,"column":22},"end":{"line":8,"column":null}},"1":{"start":{"line":9,"column":17},"end":{"line":9,"column":null}},"2":{"start":{"line":10,"column":16},"end":{"line":13,"column":null}},"3":{"start":{"line":14,"column":32},"end":{"line":20,"column":null}},"4":{"start":{"line":22,"column":28},"end":{"line":32,"column":null}}},"fnMap":{"0":{"name":"(anonymous_0)","decl":{"start":{"line":22,"column":28},"end":{"line":22,"column":29}},"loc":{"start":{"line":22,"column":58},"end":{"line":32,"column":null}},"line":22}},"branchMap":{"0":{"loc":{"start":{"line":28,"column":18},"end":{"line":28,"column":50}},"type":"cond-expr","locations":[{"start":{"line":28,"column":29},"end":{"line":28,"column":40}},{"start":{"line":28,"column":40},"end":{"line":28,"column":50}}],"line":28}},"s":{"0":1,"1":1,"2":1,"3":1,"4":1},"f":{"0":3},"b":{"0":[3,0]},"meta":{"lastBranch":1,"lastFunction":1,"lastStatement":5,"seen":{"s:8:22:8:Infinity":0,"s:9:17:9:Infinity":1,"s:10:16:13:Infinity":2,"s:14:32:20:Infinity":3,"s:22:28:32:Infinity":4,"f:22:28:22:29":0,"b:28:29:28:40:28:40:28:50":0}}}
,"C:\\Users\\notde\\Desktop\\React\\02-first-steps\\src\\helpers\\math.helper.ts": {"path":"C:\\Users\\notde\\Desktop\\React\\02-first-steps\\src\\helpers\\math.helper.ts","statementMap":{"0":{"start":{"line":1,"column":19},"end":{"line":4,"column":null}},"1":{"start":{"line":3,"column":4},"end":{"line":3,"column":null}},"2":{"start":{"line":6,"column":24},"end":{"line":8,"column":null}},"3":{"start":{"line":7,"column":4},"end":{"line":7,"column":null}},"4":{"start":{"line":10,"column":24},"end":{"line":12,"column":null}},"5":{"start":{"line":11,"column":4},"end":{"line":11,"column":null}},"6":{"start":{"line":14,"column":22},"end":{"line":16,"column":null}},"7":{"start":{"line":15,"column":4},"end":{"line":15,"column":null}}},"fnMap":{"0":{"name":"(anonymous_0)","decl":{"start":{"line":1,"column":19},"end":{"line":1,"column":20}},"loc":{"start":{"line":1,"column":31},"end":{"line":4,"column":null}},"line":1},"1":{"name":"(anonymous_1)","decl":{"start":{"line":6,"column":24},"end":{"line":6,"column":25}},"loc":{"start":{"line":6,"column":36},"end":{"line":8,"column":null}},"line":6},"2":{"name":"(anonymous_2)","decl":{"start":{"line":10,"column":24},"end":{"line":10,"column":25}},"loc":{"start":{"line":10,"column":36},"end":{"line":12,"column":null}},"line":10},"3":{"name":"(anonymous_3)","decl":{"start":{"line":14,"column":22},"end":{"line":14,"column":23}},"loc":{"start":{"line":14,"column":34},"end":{"line":16,"column":null}},"line":14}},"branchMap":{},"s":{"0":1,"1":1,"2":1,"3":2,"4":1,"5":2,"6":1,"7":1},"f":{"0":1,"1":2,"2":2,"3":1},"b":{},"meta":{"lastBranch":0,"lastFunction":4,"lastStatement":8,"seen":{"s:1:19:4:Infinity":0,"f:1:19:1:20":0,"s:3:4:3:Infinity":1,"s:6:24:8:Infinity":2,"f:6:24:6:25":1,"s:7:4:7:Infinity":3,"s:10:24:12:Infinity":4,"f:10:24:10:25":2,"s:11:4:11:Infinity":5,"s:14:22:16:Infinity":6,"f:14:22:14:23":3,"s:15:4:15:Infinity":7}}}
,"C:\\Users\\notde\\Desktop\\React\\02-first-steps\\src\\shopping-cart\\ItemCounter.css": {"path":"C:\\Users\\notde\\Desktop\\React\\02-first-steps\\src\\shopping-cart\\ItemCounter.css","statementMap":{},"fnMap":{},"branchMap":{},"s":{},"f":{},"b":{},"meta":{"lastBranch":0,"lastFunction":0,"lastStatement":0,"seen":{}}}
,"C:\\Users\\notde\\Desktop\\React\\02-first-steps\\src\\shopping-cart\\ItemCounter.tsx": {"path":"C:\\Users\\notde\\Desktop\\React\\02-first-steps\\src\\shopping-cart\\ItemCounter.tsx","statementMap":{"0":{"start":{"line":5,"column":27},"end":{"line":29,"column":null}},"1":{"start":{"line":7,"column":27},"end":{"line":7,"column":null}},"2":{"start":{"line":9,"column":22},"end":{"line":11,"column":null}},"3":{"start":{"line":10,"column":8},"end":{"line":10,"column":null}},"4":{"start":{"line":13,"column":27},"end":{"line":16,"column":null}},"5":{"start":{"line":14,"column":8},"end":{"line":14,"column":null}},"6":{"start":{"line":14,"column":25},"end":{"line":14,"column":null}},"7":{"start":{"line":15,"column":8},"end":{"line":15,"column":null}}},"fnMap":{"0":{"name":"(anonymous_0)","decl":{"start":{"line":5,"column":27},"end":{"line":5,"column":28}},"loc":{"start":{"line":5,"column":54},"end":{"line":29,"column":null}},"line":5},"1":{"name":"(anonymous_1)","decl":{"start":{"line":9,"column":22},"end":{"line":9,"column":null}},"loc":{"start":{"line":9,"column":22},"end":{"line":11,"column":null}},"line":9},"2":{"name":"(anonymous_2)","decl":{"start":{"line":13,"column":27},"end":{"line":13,"column":null}},"loc":{"start":{"line":13,"column":27},"end":{"line":16,"column":null}},"line":13}},"branchMap":{"0":{"loc":{"start":{"line":5,"column":36},"end":{"line":5,"column":45}},"type":"default-arg","locations":[{"start":{"line":5,"column":44},"end":{"line":5,"column":45}}],"line":5},"1":{"loc":{"start":{"line":14,"column":8},"end":{"line":14,"column":null}},"type":"if","locations":[{"start":{"line":14,"column":8},"end":{"line":14,"column":null}},{"start":{},"end":{}}],"line":14},"2":{"loc":{"start":{"line":21,"column":56},"end":{"line":21,"column":86}},"type":"cond-expr","locations":[{"start":{"line":21,"column":70},"end":{"line":21,"column":78}},{"start":{"line":21,"column":78},"end":{"line":21,"column":86}}],"line":21}},"s":{"0":1,"1":9,"2":9,"3":1,"4":9,"5":2,"6":1,"7":1},"f":{"0":9,"1":1,"2":2},"b":{"0":[9],"1":[1,1],"2":[3,6]},"meta":{"lastBranch":3,"lastFunction":3,"lastStatement":8,"seen":{"s:5:27:29:Infinity":0,"f:5:27:5:28":0,"b:5:44:5:45":0,"s:7:27:7:Infinity":1,"s:9:22:11:Infinity":2,"f:9:22:9:Infinity":1,"s:10:8:10:Infinity":3,"s:13:27:16:Infinity":4,"f:13:27:13:Infinity":2,"b:14:8:14:Infinity:undefined:undefined:undefined:undefined":1,"s:14:8:14:Infinity":5,"s:14:25:14:Infinity":6,"s:15:8:15:Infinity":7,"b:21:70:21:78:21:78:21:86":2}}}
}
